


ARM Macro Assembler    Page 1 


    1 00000000 00000004 
                       N       EQU              4
    2 00000000                 AREA             mycode, CODE, READONLY
    3 00000000                 ENTRY
    4 00000000                 EXPORT           __main
    5 00000000         __main
    6 00000000 E59F0060        LDR              R0, =STR    ; load address of a
                                                            rray into R0
    7 00000004 E3A01004        MOV              R1, #N      ; copy the value N 
                                                            into R1
    8 00000008 E1A04000        MOV              R4, R0      ;backup value
    9 0000000C E1A05001        MOV              R5, R1      ;backup value
   10 00000010 EB000002        BL               somer_func  ;call function
   11 00000014 E59F1050        LDR              R1, =RST    ;load adress of spa
                                                            ce into R1
   12 00000018 E5810000        STR              R0, [R1]    ;store the summatio
                                                            n into R1
   13 0000001C         STOP
   14 0000001C EAFFFFFE        BAL              STOP        ; infinite loop
   15 00000020         somer_func
   16 00000020 E92D40F0        STMFD            SP!, {R4, R5, R6, R7, LR} ;   b
                                                            ackup the registers
                                                            
   17 00000024 E3A04000        MOV              R4, #0      ; accumalator
   18 00000028 E3A05000        MOV              R5, #0      ; offset
   19 0000002C E3A07000        MOV              R7, #0      ; counter
   20 00000030         LOOP
   21 00000030 E1570001        CMP              R7, R1      ; compare with leng
                                                            th of array
   22 00000034 0A000004        BEQ              OUT
   23 00000038 E7906005        LDR              R6, [R0,R5] ; load the next val
                                                            ue
   24 0000003C E0844006        ADD              R4, R4, R6  ; add the value int
                                                            o summation
   25 00000040 E2877001        ADD              R7, R7, #1  ; incrase the count
                                                            er by 1
   26 00000044 E2855004        ADD              R5, R5, #4  ; increase the offs
                                                            et by 4 because of 
                                                            DCD 
   27 00000048 EAFFFFF8        BAL              LOOP
   28 0000004C         OUT
   29 0000004C E1A00004        MOV              R0, R4      ; copy the summatio
                                                            n value into R0 
   30 00000050 E8BD40F0        LDMFD            SP!, {R4, R5, R6, R7, LR} ; rel
                                                            oad the register va
                                                            lues
   31 00000054 E1A0F00E        MOV              PC, LR
   32 00000058 00000003 
              00000005 
              00000001 
              00000001 STR     DCD              3, 5, 1, 1
   33 00000068 00000000 
              00000000         AREA             data, DATA, READWRITE
   34 00000000 00 00 00 
              00       RST     SPACE            4
   35 00000004                 END
Command Line: --debug --xref --apcs=interwork --depend=func.d -ofunc.o -IC:\Kei
l\ARM\CMSIS\Include -IC:\Keil\ARM\INC\Philips --predefine="__EVAL SETA 1" --lis
t=func.lst func.s



ARM Macro Assembler    Page 1 Alphabetic symbol ordering
Relocatable symbols

LOOP 00000030

Symbol: LOOP
   Definitions
      At line 20 in file func.s
   Uses
      At line 27 in file func.s
Comment: LOOP used once
OUT 0000004C

Symbol: OUT
   Definitions
      At line 28 in file func.s
   Uses
      At line 22 in file func.s
Comment: OUT used once
STOP 0000001C

Symbol: STOP
   Definitions
      At line 13 in file func.s
   Uses
      At line 14 in file func.s
Comment: STOP used once
STR 00000058

Symbol: STR
   Definitions
      At line 32 in file func.s
   Uses
      At line 6 in file func.s
Comment: STR used once
__main 00000000

Symbol: __main
   Definitions
      At line 5 in file func.s
   Uses
      At line 4 in file func.s
Comment: __main used once
mycode 00000000

Symbol: mycode
   Definitions
      At line 2 in file func.s
   Uses
      None
Comment: mycode unused
somer_func 00000020

Symbol: somer_func
   Definitions
      At line 15 in file func.s
   Uses
      At line 10 in file func.s
Comment: somer_func used once
7 symbols



ARM Macro Assembler    Page 1 Alphabetic symbol ordering
Relocatable symbols

RST 00000000

Symbol: RST
   Definitions
      At line 34 in file func.s
   Uses
      At line 11 in file func.s
Comment: RST used once
data 00000000

Symbol: data
   Definitions
      At line 33 in file func.s
   Uses
      None
Comment: data unused
2 symbols



ARM Macro Assembler    Page 1 Alphabetic symbol ordering
Absolute symbols

N 00000004

Symbol: N
   Definitions
      At line 1 in file func.s
   Uses
      At line 7 in file func.s
Comment: N used once
1 symbol
336 symbols in table
